2024-04-25 19:10:39 INFO     ${Token[TOKEN.16]}
2024-04-25 19:10:39 INFO     arn:${Token[AWS.Partition.10]}:ecr:${Token[AWS.Region.11]}:${Token[AWS.AccountId.7]}:repository/${Token[TOKEN.15]}
2024-04-25 19:10:39 INFO     bc0991e9b5083666d1de8a0d2f8ce3f71ff628d27f80c1d6ff17cb5ca1eba117
2024-04-25 19:11:13 INFO     ${Token[TOKEN.17]}
2024-04-25 19:11:13 INFO     arn:${Token[AWS.Partition.11]}:ecr:${Token[AWS.Region.12]}:${Token[AWS.AccountId.8]}:repository/${Token[TOKEN.16]}
2024-04-25 19:11:13 INFO     bc0991e9b5083666d1de8a0d2f8ce3f71ff628d27f80c1d6ff17cb5ca1eba117
2024-04-25 19:11:22 INFO     ${Token[TOKEN.16]}
2024-04-25 19:11:22 INFO     arn:${Token[AWS.Partition.10]}:ecr:${Token[AWS.Region.11]}:${Token[AWS.AccountId.7]}:repository/${Token[TOKEN.15]}
2024-04-25 19:11:22 INFO     bc0991e9b5083666d1de8a0d2f8ce3f71ff628d27f80c1d6ff17cb5ca1eba117
2024-04-25 19:27:59 INFO     ${Token[TOKEN.14]}
2024-04-25 19:27:59 INFO     arn:${Token[AWS.Partition.8]}:ecr:${Token[AWS.Region.9]}:${Token[AWS.AccountId.5]}:repository/${Token[TOKEN.13]}
2024-04-25 19:27:59 INFO     bc0991e9b5083666d1de8a0d2f8ce3f71ff628d27f80c1d6ff17cb5ca1eba1172024-04-26 15:16:00 INFO     ${Token[TOKEN.9]}
2024-04-26 15:16:00 INFO     arn:${Token[AWS.Partition.3]}:ecr:${Token[AWS.Region.4]}:${Token[AWS.AccountId.0]}:repository/${Token[TOKEN.8]}
2024-04-26 15:16:00 INFO     bc0991e9b5083666d1de8a0d2f8ce3f71ff628d27f80c1d6ff17cb5ca1eba117
2024-04-26 15:23:12 INFO     ${Token[TOKEN.13]}
2024-04-26 15:23:12 INFO     arn:${Token[AWS.Partition.7]}:ecr:${Token[AWS.Region.8]}:${Token[AWS.AccountId.4]}:repository/${Token[TOKEN.12]}
2024-04-26 15:23:12 INFO     bc0991e9b5083666d1de8a0d2f8ce3f71ff628d27f80c1d6ff17cb5ca1eba117
2024-04-26 15:23:49 INFO     ${Token[TOKEN.10]}
2024-04-26 15:23:49 INFO     arn:${Token[AWS.Partition.4]}:ecr:${Token[AWS.Region.5]}:${Token[AWS.AccountId.1]}:repository/${Token[TOKEN.9]}
2024-04-26 15:23:49 INFO     bc0991e9b5083666d1de8a0d2f8ce3f71ff628d27f80c1d6ff17cb5ca1eba117
2024-04-26 15:23:49 INFO     Image name: ${Token[AWS.AccountId.1]}.dkr.ecr.${Token[AWS.Region.5]}.${Token[AWS.URLSuffix.2]}/${Token[TOKEN.9]}:bc0991e9b5083666d1de8a0d2f8ce3f71ff628d27f80c1d6ff17cb5ca1eba117
2024-04-26 15:24:48 INFO     ${Token[TOKEN.9]}
2024-04-26 15:24:48 INFO     arn:${Token[AWS.Partition.3]}:ecr:${Token[AWS.Region.4]}:${Token[AWS.AccountId.0]}:repository/${Token[TOKEN.8]}
2024-04-26 15:24:48 INFO     bc0991e9b5083666d1de8a0d2f8ce3f71ff628d27f80c1d6ff17cb5ca1eba117
2024-04-26 15:24:48 INFO     Image name: ${Token[AWS.AccountId.0]}.dkr.ecr.${Token[AWS.Region.4]}.${Token[AWS.URLSuffix.1]}/${Token[TOKEN.8]}:bc0991e9b5083666d1de8a0d2f8ce3f71ff628d27f80c1d6ff17cb5ca1eba117
2024-04-26 15:25:14 INFO     ${Token[TOKEN.9]}
2024-04-26 15:25:14 INFO     arn:${Token[AWS.Partition.3]}:ecr:${Token[AWS.Region.4]}:${Token[AWS.AccountId.0]}:repository/${Token[TOKEN.8]}
2024-04-26 15:25:14 INFO     bc0991e9b5083666d1de8a0d2f8ce3f71ff628d27f80c1d6ff17cb5ca1eba117
2024-04-26 15:25:14 INFO     Image name: ${Token[AWS.AccountId.0]}.dkr.ecr.${Token[AWS.Region.4]}.${Token[AWS.URLSuffix.1]}/${Token[TOKEN.8]}:bc0991e9b5083666d1de8a0d2f8ce3f71ff628d27f80c1d6ff17cb5ca1eba117
2024-04-26 15:26:19 INFO     ${Token[TOKEN.17]}
2024-04-26 15:26:19 INFO     arn:${Token[AWS.Partition.11]}:ecr:${Token[AWS.Region.12]}:${Token[AWS.AccountId.8]}:repository/${Token[TOKEN.16]}
2024-04-26 15:26:19 INFO     bc0991e9b5083666d1de8a0d2f8ce3f71ff628d27f80c1d6ff17cb5ca1eba117
2024-04-26 15:26:20 INFO     Image name: ${Token[AWS.AccountId.8]}.dkr.ecr.${Token[AWS.Region.12]}.${Token[AWS.URLSuffix.9]}/${Token[TOKEN.16]}:bc0991e9b5083666d1de8a0d2f8ce3f71ff628d27f80c1d6ff17cb5ca1eba117
2024-04-26 15:29:08 INFO     ${Token[TOKEN.15]}
2024-04-26 15:29:08 INFO     arn:${Token[AWS.Partition.9]}:ecr:${Token[AWS.Region.10]}:${Token[AWS.AccountId.6]}:repository/${Token[TOKEN.14]}
2024-04-26 15:29:08 INFO     bc0991e9b5083666d1de8a0d2f8ce3f71ff628d27f80c1d6ff17cb5ca1eba117
2024-04-26 15:29:08 INFO     Image name: ${Token[AWS.AccountId.6]}.dkr.ecr.${Token[AWS.Region.10]}.${Token[AWS.URLSuffix.7]}/${Token[TOKEN.14]}:bc0991e9b5083666d1de8a0d2f8ce3f71ff628d27f80c1d6ff17cb5ca1eba117
2024-04-26 15:30:30 INFO     ${Token[TOKEN.9]}
2024-04-26 15:30:30 INFO     arn:${Token[AWS.Partition.3]}:ecr:${Token[AWS.Region.4]}:${Token[AWS.AccountId.0]}:repository/${Token[TOKEN.8]}
2024-04-26 15:30:30 INFO     bc0991e9b5083666d1de8a0d2f8ce3f71ff628d27f80c1d6ff17cb5ca1eba117
2024-04-26 15:30:30 INFO     Image name: ${Token[AWS.AccountId.0]}.dkr.ecr.${Token[AWS.Region.4]}.${Token[AWS.URLSuffix.1]}/${Token[TOKEN.8]}:bc0991e9b5083666d1de8a0d2f8ce3f71ff628d27f80c1d6ff17cb5ca1eba117
2024-04-26 15:31:51 INFO     ${Token[TOKEN.12]}
2024-04-26 15:31:51 INFO     arn:${Token[AWS.Partition.6]}:ecr:${Token[AWS.Region.7]}:${Token[AWS.AccountId.3]}:repository/${Token[TOKEN.11]}
2024-04-26 15:31:51 INFO     bc0991e9b5083666d1de8a0d2f8ce3f71ff628d27f80c1d6ff17cb5ca1eba117
2024-04-26 15:31:51 INFO     Image name: ${Token[AWS.AccountId.3]}.dkr.ecr.${Token[AWS.Region.7]}.${Token[AWS.URLSuffix.4]}/${Token[TOKEN.11]}:bc0991e9b5083666d1de8a0d2f8ce3f71ff628d27f80c1d6ff17cb5ca1eba117
2024-04-26 15:54:41 INFO     ${Token[TOKEN.18]}
2024-04-26 15:54:41 INFO     arn:${Token[AWS.Partition.12]}:ecr:${Token[AWS.Region.13]}:${Token[AWS.AccountId.9]}:repository/${Token[TOKEN.17]}
2024-04-26 15:54:41 INFO     bc0991e9b5083666d1de8a0d2f8ce3f71ff628d27f80c1d6ff17cb5ca1eba117
2024-04-26 15:54:41 INFO     Image name: ${Token[AWS.AccountId.9]}.dkr.ecr.${Token[AWS.Region.13]}.${Token[AWS.URLSuffix.10]}/${Token[TOKEN.17]}:bc0991e9b5083666d1de8a0d2f8ce3f71ff628d27f80c1d6ff17cb5ca1eba117
2024-04-26 17:19:46 INFO     ${Token[TOKEN.16]}
2024-04-26 17:19:46 INFO     arn:${Token[AWS.Partition.10]}:ecr:${Token[AWS.Region.11]}:${Token[AWS.AccountId.7]}:repository/${Token[TOKEN.15]}
2024-04-26 17:19:46 INFO     bc0991e9b5083666d1de8a0d2f8ce3f71ff628d27f80c1d6ff17cb5ca1eba117
2024-04-26 17:19:46 INFO     Image name: ${Token[AWS.AccountId.7]}.dkr.ecr.${Token[AWS.Region.11]}.${Token[AWS.URLSuffix.8]}/${Token[TOKEN.15]}:bc0991e9b5083666d1de8a0d2f8ce3f71ff628d27f80c1d6ff17cb5ca1eba117
